-------------------------------------------------------------------------------->8
[2026-02-09T09:55:56.904983343Z][docker-desktop-user-distro] syncContextStores <HOME>/.docker/contexts <-> /mnt/c/Users/nisth/.docker/contexts
[2026-02-09T09:55:56.917879819Z][docker-desktop-user-distro] syncContextStores <HOME>/.docker/contexts <-> /mnt/c/Users/nisth/.docker/contexts os.Symlink <HOME>/.docker/contexts -> /mnt/c/Users/nisth/.docker/contexts
-------------------------------------------------------------------------------->8
[2026-02-09T09:55:57.600841542Z][docker-desktop-user-distro] linkPathToWindows windowsPath = /mnt/c/Users/nisth/.aws, linkPath = <HOME>/.aws
-------------------------------------------------------------------------------->8
[2026-02-09T09:55:58.308925008Z][docker-desktop-user-distro] linkPathToWindows windowsPath = /mnt/c/Users/nisth/.azure, linkPath = <HOME>/.azure
-------------------------------------------------------------------------------->8
[2026-02-09T09:55:59.025422309Z][docker-desktop-user-distro] linkPathToWindows windowsPath = /mnt/c/Users/nisth/.docker/features.json, linkPath = ~/.docker/features.json
-------------------------------------------------------------------------------->8
[2026-02-11T11:22:35.493115226Z][docker-desktop-user-distro] syncContextStores <HOME>/.docker/contexts <-> /mnt/c/Users/nisth/.docker/contexts
[2026-02-11T11:22:35.522751311Z][docker-desktop-user-distro] syncContextStores <HOME>/.docker/contexts <-> /mnt/c/Users/nisth/.docker/contexts: syncNoop
-------------------------------------------------------------------------------->8
[2026-02-11T11:22:36.841549605Z][docker-desktop-user-distro] linkPathToWindows windowsPath = /mnt/c/Users/nisth/.aws, linkPath = <HOME>/.aws
[2026-02-11T11:22:36.863884789Z][docker-desktop-user-distro] no need to symlink <HOME>/.aws to /mnt/c/Users/nisth/.aws: they are the same path already
-------------------------------------------------------------------------------->8
[2026-02-11T11:22:37.343797568Z][docker-desktop-user-distro] linkPathToWindows windowsPath = /mnt/c/Users/nisth/.azure, linkPath = <HOME>/.azure
[2026-02-11T11:22:37.361884827Z][docker-desktop-user-distro] no need to symlink <HOME>/.azure to /mnt/c/Users/nisth/.azure: they are the same path already
-------------------------------------------------------------------------------->8
[2026-02-11T11:22:37.877177592Z][docker-desktop-user-distro] linkPathToWindows windowsPath = /mnt/c/Users/nisth/.docker/features.json, linkPath = ~/.docker/features.json
-------------------------------------------------------------------------------->8
[2026-02-18T10:04:15.560118729Z][docker-desktop-user-distro] syncContextStores <HOME>/.docker/contexts <-> /mnt/c/Users/nisth/.docker/contexts
[2026-02-18T10:04:15.604981570Z][docker-desktop-user-distro] syncContextStores <HOME>/.docker/contexts <-> /mnt/c/Users/nisth/.docker/contexts: syncNoop
-------------------------------------------------------------------------------->8
[2026-02-18T10:04:16.347649895Z][docker-desktop-user-distro] linkPathToWindows windowsPath = /mnt/c/Users/nisth/.aws, linkPath = <HOME>/.aws
[2026-02-18T10:04:16.364209848Z][docker-desktop-user-distro] no need to symlink <HOME>/.aws to /mnt/c/Users/nisth/.aws: they are the same path already
-------------------------------------------------------------------------------->8
[2026-02-18T10:04:16.950438472Z][docker-desktop-user-distro] linkPathToWindows windowsPath = /mnt/c/Users/nisth/.azure, linkPath = <HOME>/.azure
[2026-02-18T10:04:16.970871349Z][docker-desktop-user-distro] no need to symlink <HOME>/.azure to /mnt/c/Users/nisth/.azure: they are the same path already
-------------------------------------------------------------------------------->8
[2026-02-18T10:04:17.635579944Z][docker-desktop-user-distro] linkPathToWindows windowsPath = /mnt/c/Users/nisth/.docker/features.json, linkPath = ~/.docker/features.json
-------------------------------------------------------------------------------->8
[2026-02-23T12:50:34.298419841Z][docker-desktop-user-distro] syncContextStores <HOME>/.docker/contexts <-> /mnt/c/Users/nisth/.docker/contexts
[2026-02-23T12:50:34.316948543Z][docker-desktop-user-distro] syncContextStores <HOME>/.docker/contexts <-> /mnt/c/Users/nisth/.docker/contexts: syncNoop
-------------------------------------------------------------------------------->8
[2026-02-23T12:50:34.701761048Z][docker-desktop-user-distro] linkPathToWindows windowsPath = /mnt/c/Users/nisth/.aws, linkPath = <HOME>/.aws
[2026-02-23T12:50:34.716539368Z][docker-desktop-user-distro] no need to symlink <HOME>/.aws to /mnt/c/Users/nisth/.aws: they are the same path already
-------------------------------------------------------------------------------->8
[2026-02-23T12:50:35.088930696Z][docker-desktop-user-distro] linkPathToWindows windowsPath = /mnt/c/Users/nisth/.azure, linkPath = <HOME>/.azure
[2026-02-23T12:50:35.101586005Z][docker-desktop-user-distro] no need to symlink <HOME>/.azure to /mnt/c/Users/nisth/.azure: they are the same path already
-------------------------------------------------------------------------------->8
[2026-02-23T12:50:35.470375288Z][docker-desktop-user-distro] linkPathToWindows windowsPath = /mnt/c/Users/nisth/.docker/features.json, linkPath = ~/.docker/features.json
-------------------------------------------------------------------------------->8
[2026-02-24T13:20:57.682844242Z][docker-desktop-user-distro] syncContextStores <HOME>/.docker/contexts <-> /mnt/c/Users/nisth/.docker/contexts
[2026-02-24T13:20:57.744304054Z][docker-desktop-user-distro] syncContextStores <HOME>/.docker/contexts <-> /mnt/c/Users/nisth/.docker/contexts: syncNoop
-------------------------------------------------------------------------------->8
[2026-02-24T13:20:59.255389487Z][docker-desktop-user-distro] linkPathToWindows windowsPath = /mnt/c/Users/nisth/.aws, linkPath = <HOME>/.aws
[2026-02-24T13:20:59.286020262Z][docker-desktop-user-distro] no need to symlink <HOME>/.aws to /mnt/c/Users/nisth/.aws: they are the same path already
-------------------------------------------------------------------------------->8
[2026-02-24T13:21:00.659148194Z][docker-desktop-user-distro] linkPathToWindows windowsPath = /mnt/c/Users/nisth/.azure, linkPath = <HOME>/.azure
[2026-02-24T13:21:00.688444481Z][docker-desktop-user-distro] no need to symlink <HOME>/.azure to /mnt/c/Users/nisth/.azure: they are the same path already
-------------------------------------------------------------------------------->8
[2026-02-24T13:21:01.786128369Z][docker-desktop-user-distro] linkPathToWindows windowsPath = /mnt/c/Users/nisth/.docker/features.json, linkPath = ~/.docker/features.json
-------------------------------------------------------------------------------->8
[2026-02-24T15:06:19.165561736Z][docker-desktop-user-distro] syncContextStores <HOME>/.docker/contexts <-> /mnt/c/Users/nisth/.docker/contexts
[2026-02-24T15:06:19.222028589Z][docker-desktop-user-distro] syncContextStores <HOME>/.docker/contexts <-> /mnt/c/Users/nisth/.docker/contexts: syncNoop
-------------------------------------------------------------------------------->8
[2026-02-24T15:06:20.730014568Z][docker-desktop-user-distro] linkPathToWindows windowsPath = /mnt/c/Users/nisth/.aws, linkPath = <HOME>/.aws
[2026-02-24T15:06:20.772302471Z][docker-desktop-user-distro] no need to symlink <HOME>/.aws to /mnt/c/Users/nisth/.aws: they are the same path already
-------------------------------------------------------------------------------->8
[2026-02-24T15:06:22.148113715Z][docker-desktop-user-distro] linkPathToWindows windowsPath = /mnt/c/Users/nisth/.azure, linkPath = <HOME>/.azure
[2026-02-24T15:06:22.180731147Z][docker-desktop-user-distro] no need to symlink <HOME>/.azure to /mnt/c/Users/nisth/.azure: they are the same path already
-------------------------------------------------------------------------------->8
[2026-02-24T15:06:23.542250421Z][docker-desktop-user-distro] linkPathToWindows windowsPath = /mnt/c/Users/nisth/.docker/features.json, linkPath = ~/.docker/features.json
-------------------------------------------------------------------------------->8
[2026-02-26T09:34:07.241883331Z][docker-desktop-user-distro] syncContextStores <HOME>/.docker/contexts <-> /mnt/c/Users/nisth/.docker/contexts
[2026-02-26T09:34:07.778931856Z][docker-desktop-user-distro] syncContextStores <HOME>/.docker/contexts <-> /mnt/c/Users/nisth/.docker/contexts: syncNoop
-------------------------------------------------------------------------------->8
[2026-02-26T09:34:09.538660053Z][docker-desktop-user-distro] linkPathToWindows windowsPath = /mnt/c/Users/nisth/.aws, linkPath = <HOME>/.aws
[2026-02-26T09:34:09.579999371Z][docker-desktop-user-distro] no need to symlink <HOME>/.aws to /mnt/c/Users/nisth/.aws: they are the same path already
-------------------------------------------------------------------------------->8
[2026-02-26T09:34:11.093573837Z][docker-desktop-user-distro] linkPathToWindows windowsPath = /mnt/c/Users/nisth/.azure, linkPath = <HOME>/.azure
[2026-02-26T09:34:11.164563221Z][docker-desktop-user-distro] no need to symlink <HOME>/.azure to /mnt/c/Users/nisth/.azure: they are the same path already
-------------------------------------------------------------------------------->8
[2026-02-26T09:34:12.202851144Z][docker-desktop-user-distro] linkPathToWindows windowsPath = /mnt/c/Users/nisth/.docker/features.json, linkPath = ~/.docker/features.json
-------------------------------------------------------------------------------->8
[2026-02-26T10:11:11.371169336Z][docker-desktop-user-distro] syncContextStores <HOME>/.docker/contexts <-> /mnt/c/Users/nisth/.docker/contexts
[2026-02-26T10:11:11.634543868Z][docker-desktop-user-distro] syncContextStores <HOME>/.docker/contexts <-> /mnt/c/Users/nisth/.docker/contexts: syncNoop
-------------------------------------------------------------------------------->8
[2026-02-26T10:11:14.365903002Z][docker-desktop-user-distro] linkPathToWindows windowsPath = /mnt/c/Users/nisth/.aws, linkPath = <HOME>/.aws
[2026-02-26T10:11:14.401127185Z][docker-desktop-user-distro] no need to symlink <HOME>/.aws to /mnt/c/Users/nisth/.aws: they are the same path already
-------------------------------------------------------------------------------->8
[2026-02-26T10:11:15.702564148Z][docker-desktop-user-distro] linkPathToWindows windowsPath = /mnt/c/Users/nisth/.azure, linkPath = <HOME>/.azure
[2026-02-26T10:11:15.744163546Z][docker-desktop-user-distro] no need to symlink <HOME>/.azure to /mnt/c/Users/nisth/.azure: they are the same path already
-------------------------------------------------------------------------------->8
[2026-02-26T10:11:17.237344738Z][docker-desktop-user-distro] linkPathToWindows windowsPath = /mnt/c/Users/nisth/.docker/features.json, linkPath = ~/.docker/features.json
-------------------------------------------------------------------------------->8
[2026-04-02T10:25:08.856649012Z][docker-desktop-user-distro] syncContextStores <HOME>/.docker/contexts <-> /mnt/c/Users/nisth/.docker/contexts
[2026-04-02T10:25:08.928740925Z][docker-desktop-user-distro] syncContextStores <HOME>/.docker/contexts <-> /mnt/c/Users/nisth/.docker/contexts: syncNoop
-------------------------------------------------------------------------------->8
[2026-04-02T10:25:10.511652759Z][docker-desktop-user-distro] linkPathToWindows windowsPath = /mnt/c/Users/nisth/.aws, linkPath = <HOME>/.aws
[2026-04-02T10:25:10.646703287Z][docker-desktop-user-distro] no need to symlink <HOME>/.aws to /mnt/c/Users/nisth/.aws: they are the same path already
-------------------------------------------------------------------------------->8
[2026-04-02T10:25:11.977400183Z][docker-desktop-user-distro] linkPathToWindows windowsPath = /mnt/c/Users/nisth/.azure, linkPath = <HOME>/.azure
[2026-04-02T10:25:12.029862894Z][docker-desktop-user-distro] no need to symlink <HOME>/.azure to /mnt/c/Users/nisth/.azure: they are the same path already
-------------------------------------------------------------------------------->8
[2026-04-02T10:25:13.195947955Z][docker-desktop-user-distro] linkPathToWindows windowsPath = /mnt/c/Users/nisth/.docker/features.json, linkPath = ~/.docker/features.json
-------------------------------------------------------------------------------->8
[2026-04-02T10:59:53.352125010Z][docker-desktop-user-distro] syncContextStores <HOME>/.docker/contexts <-> /mnt/c/Users/nisth/.docker/contexts
[2026-04-02T10:59:53.409353977Z][docker-desktop-user-distro] syncContextStores <HOME>/.docker/contexts <-> /mnt/c/Users/nisth/.docker/contexts: syncNoop
-------------------------------------------------------------------------------->8
[2026-04-02T10:59:54.428739901Z][docker-desktop-user-distro] linkPathToWindows windowsPath = /mnt/c/Users/nisth/.aws, linkPath = <HOME>/.aws
[2026-04-02T10:59:54.453973861Z][docker-desktop-user-distro] no need to symlink <HOME>/.aws to /mnt/c/Users/nisth/.aws: they are the same path already
-------------------------------------------------------------------------------->8
[2026-04-02T10:59:55.276925998Z][docker-desktop-user-distro] linkPathToWindows windowsPath = /mnt/c/Users/nisth/.azure, linkPath = <HOME>/.azure
[2026-04-02T10:59:55.376372812Z][docker-desktop-user-distro] no need to symlink <HOME>/.azure to /mnt/c/Users/nisth/.azure: they are the same path already
-------------------------------------------------------------------------------->8
[2026-04-02T10:59:56.893848085Z][docker-desktop-user-distro] linkPathToWindows windowsPath = /mnt/c/Users/nisth/.docker/features.json, linkPath = ~/.docker/features.json
-------------------------------------------------------------------------------->8
[2026-04-03T09:36:02.433671341Z][docker-desktop-user-distro] syncContextStores <HOME>/.docker/contexts <-> /mnt/c/Users/nisth/.docker/contexts
[2026-04-03T09:36:02.497560276Z][docker-desktop-user-distro] syncContextStores <HOME>/.docker/contexts <-> /mnt/c/Users/nisth/.docker/contexts: syncNoop
-------------------------------------------------------------------------------->8
[2026-04-03T09:36:04.711215935Z][docker-desktop-user-distro] linkPathToWindows windowsPath = /mnt/c/Users/nisth/.aws, linkPath = <HOME>/.aws
[2026-04-03T09:36:04.820379440Z][docker-desktop-user-distro] no need to symlink <HOME>/.aws to /mnt/c/Users/nisth/.aws: they are the same path already
-------------------------------------------------------------------------------->8
[2026-04-03T09:36:06.602099440Z][docker-desktop-user-distro] linkPathToWindows windowsPath = /mnt/c/Users/nisth/.azure, linkPath = <HOME>/.azure
[2026-04-03T09:36:06.723499169Z][docker-desktop-user-distro] no need to symlink <HOME>/.azure to /mnt/c/Users/nisth/.azure: they are the same path already
-------------------------------------------------------------------------------->8
[2026-04-06T10:53:27.120209131Z][docker-desktop-user-distro] syncContextStores <HOME>/.docker/contexts <-> /mnt/c/Users/nisth/.docker/contexts
[2026-04-06T10:53:27.160772451Z][docker-desktop-user-distro] syncContextStores <HOME>/.docker/contexts <-> /mnt/c/Users/nisth/.docker/contexts: syncNoop
-------------------------------------------------------------------------------->8
[2026-04-06T10:53:28.289521988Z][docker-desktop-user-distro] linkPathToWindows windowsPath = /mnt/c/Users/nisth/.aws, linkPath = <HOME>/.aws
[2026-04-06T10:53:28.316269818Z][docker-desktop-user-distro] no need to symlink <HOME>/.aws to /mnt/c/Users/nisth/.aws: they are the same path already
-------------------------------------------------------------------------------->8
[2026-04-06T10:53:29.467114502Z][docker-desktop-user-distro] linkPathToWindows windowsPath = /mnt/c/Users/nisth/.azure, linkPath = <HOME>/.azure
[2026-04-06T10:53:29.491577562Z][docker-desktop-user-distro] no need to symlink <HOME>/.azure to /mnt/c/Users/nisth/.azure: they are the same path already
-------------------------------------------------------------------------------->8
[2026-04-06T10:53:30.384919181Z][docker-desktop-user-distro] linkPathToWindows windowsPath = /mnt/c/Users/nisth/.docker/features.json, linkPath = ~/.docker/features.json
-------------------------------------------------------------------------------->8
[2026-04-07T10:16:19.272600218Z][docker-desktop-user-distro] syncContextStores <HOME>/.docker/contexts <-> /mnt/c/Users/nisth/.docker/contexts
[2026-04-07T10:16:19.297688058Z][docker-desktop-user-distro] syncContextStores <HOME>/.docker/contexts <-> /mnt/c/Users/nisth/.docker/contexts: syncNoop
-------------------------------------------------------------------------------->8
[2026-04-07T10:16:20.939978952Z][docker-desktop-user-distro] linkPathToWindows windowsPath = /mnt/c/Users/nisth/.aws, linkPath = <HOME>/.aws
[2026-04-07T10:16:21.277514690Z][docker-desktop-user-distro] no need to symlink <HOME>/.aws to /mnt/c/Users/nisth/.aws: they are the same path already
-------------------------------------------------------------------------------->8
[2026-04-07T10:16:22.971422546Z][docker-desktop-user-distro] linkPathToWindows windowsPath = /mnt/c/Users/nisth/.azure, linkPath = <HOME>/.azure
[2026-04-07T10:16:23.022617662Z][docker-desktop-user-distro] no need to symlink <HOME>/.azure to /mnt/c/Users/nisth/.azure: they are the same path already
-------------------------------------------------------------------------------->8
[2026-04-07T10:16:24.282214752Z][docker-desktop-user-distro] linkPathToWindows windowsPath = /mnt/c/Users/nisth/.docker/features.json, linkPath = ~/.docker/features.json
-------------------------------------------------------------------------------->8
[2026-04-19T08:46:01.046944434Z][docker-desktop-user-distro] syncContextStores <HOME>/.docker/contexts <-> /mnt/c/Users/nisth/.docker/contexts
[2026-04-19T08:46:01.082178878Z][docker-desktop-user-distro] syncContextStores <HOME>/.docker/contexts <-> /mnt/c/Users/nisth/.docker/contexts: syncNoop
-------------------------------------------------------------------------------->8
[2026-04-19T08:46:01.901914381Z][docker-desktop-user-distro] linkPathToWindows windowsPath = /mnt/c/Users/nisth/.aws, linkPath = <HOME>/.aws
[2026-04-19T08:46:01.934940940Z][docker-desktop-user-distro] no need to symlink <HOME>/.aws to /mnt/c/Users/nisth/.aws: they are the same path already
-------------------------------------------------------------------------------->8
[2026-04-19T08:46:02.553138791Z][docker-desktop-user-distro] linkPathToWindows windowsPath = /mnt/c/Users/nisth/.azure, linkPath = <HOME>/.azure
[2026-04-19T08:46:02.568734725Z][docker-desktop-user-distro] no need to symlink <HOME>/.azure to /mnt/c/Users/nisth/.azure: they are the same path already
-------------------------------------------------------------------------------->8
[2026-04-19T08:46:03.041704457Z][docker-desktop-user-distro] linkPathToWindows windowsPath = /mnt/c/Users/nisth/.docker/features.json, linkPath = ~/.docker/features.json
